[debug] [2025-08-15T15:10:47.756Z] Checked if tokens are valid: true, expires at: 1755273473153
[debug] [2025-08-15T15:10:47.761Z] Checked if tokens are valid: true, expires at: 1755273473153
[debug] [2025-08-15T15:10:47.761Z] Checked if tokens are valid: true, expires at: 1755273473153
[debug] [2025-08-15T15:10:47.762Z] Checked if tokens are valid: true, expires at: 1755273473153
[debug] [2025-08-15T15:10:47.762Z] Checked if tokens are valid: true, expires at: 1755273473153
[debug] [2025-08-15T15:10:47.763Z] Checked if tokens are valid: true, expires at: 1755273473153
[debug] [2025-08-15T15:10:47.763Z] Checked if tokens are valid: true, expires at: 1755273473153
[debug] [2025-08-15T15:10:47.763Z] Checked if tokens are valid: true, expires at: 1755273473153
[debug] [2025-08-15T15:10:47.764Z] Checked if tokens are valid: true, expires at: 1755273473153
[debug] [2025-08-15T15:10:47.764Z] Checked if tokens are valid: true, expires at: 1755273473153
[debug] [2025-08-15T15:10:47.765Z] Checked if tokens are valid: true, expires at: 1755273473153
[debug] [2025-08-15T15:10:47.765Z] Checked if tokens are valid: true, expires at: 1755273473153
[debug] [2025-08-15T15:10:47.765Z] Checked if tokens are valid: true, expires at: 1755273473153
[debug] [2025-08-15T15:10:47.765Z] Checked if tokens are valid: true, expires at: 1755273473153
[debug] [2025-08-15T15:10:47.766Z] Checked if tokens are valid: true, expires at: 1755273473153
[debug] [2025-08-15T15:10:47.766Z] Checked if tokens are valid: true, expires at: 1755273473153
[debug] [2025-08-15T15:10:47.767Z] Checked if tokens are valid: true, expires at: 1755273473153
[debug] [2025-08-15T15:10:47.767Z] Checked if tokens are valid: true, expires at: 1755273473153
[debug] [2025-08-15T15:10:47.767Z] Checked if tokens are valid: true, expires at: 1755273473153
[debug] [2025-08-15T15:10:47.767Z] Checked if tokens are valid: true, expires at: 1755273473153
[debug] [2025-08-15T15:10:47.769Z] >>> [apiv2][query] GET https://serviceusage.googleapis.com/v1/projects/car--wash--project/services/ [none]
[debug] [2025-08-15T15:10:47.769Z] >>> [apiv2][(partial)header] GET https://serviceusage.googleapis.com/v1/projects/car--wash--project/services/ x-goog-quota-user=projects/car--wash--project
[debug] [2025-08-15T15:10:47.835Z] >>> [apiv2][query] GET https://serviceusage.googleapis.com/v1/projects/car--wash--project/services/firestore.googleapis.com [none]
[debug] [2025-08-15T15:10:47.836Z] >>> [apiv2][(partial)header] GET https://serviceusage.googleapis.com/v1/projects/car--wash--project/services/firestore.googleapis.com x-goog-quota-user=projects/car--wash--project
[debug] [2025-08-15T15:10:47.837Z] >>> [apiv2][query] GET https://serviceusage.googleapis.com/v1/projects/car--wash--project/services/storage.googleapis.com [none]
[debug] [2025-08-15T15:10:47.837Z] >>> [apiv2][(partial)header] GET https://serviceusage.googleapis.com/v1/projects/car--wash--project/services/storage.googleapis.com x-goog-quota-user=projects/car--wash--project
[debug] [2025-08-15T15:10:47.839Z] >>> [apiv2][query] GET https://serviceusage.googleapis.com/v1/projects/car--wash--project/services/firebasedataconnect.googleapis.com [none]
[debug] [2025-08-15T15:10:47.839Z] >>> [apiv2][(partial)header] GET https://serviceusage.googleapis.com/v1/projects/car--wash--project/services/firebasedataconnect.googleapis.com x-goog-quota-user=projects/car--wash--project
[debug] [2025-08-15T15:10:47.840Z] >>> [apiv2][query] GET https://serviceusage.googleapis.com/v1/projects/car--wash--project/services/identitytoolkit.googleapis.com [none]
[debug] [2025-08-15T15:10:47.840Z] >>> [apiv2][(partial)header] GET https://serviceusage.googleapis.com/v1/projects/car--wash--project/services/identitytoolkit.googleapis.com x-goog-quota-user=projects/car--wash--project
[debug] [2025-08-15T15:10:47.843Z] >>> [apiv2][query] GET https://serviceusage.googleapis.com/v1/projects/car--wash--project/services/fcm.googleapis.com [none]
[debug] [2025-08-15T15:10:47.843Z] >>> [apiv2][(partial)header] GET https://serviceusage.googleapis.com/v1/projects/car--wash--project/services/fcm.googleapis.com x-goog-quota-user=projects/car--wash--project
[debug] [2025-08-15T15:10:47.845Z] >>> [apiv2][query] GET https://serviceusage.googleapis.com/v1/projects/car--wash--project/services/firebaseremoteconfig.googleapis.com [none]
[debug] [2025-08-15T15:10:47.845Z] >>> [apiv2][(partial)header] GET https://serviceusage.googleapis.com/v1/projects/car--wash--project/services/firebaseremoteconfig.googleapis.com x-goog-quota-user=projects/car--wash--project
[debug] [2025-08-15T15:10:47.847Z] >>> [apiv2][query] GET https://serviceusage.googleapis.com/v1/projects/car--wash--project/services/firebasecrashlytics.googleapis.com [none]
[debug] [2025-08-15T15:10:47.847Z] >>> [apiv2][(partial)header] GET https://serviceusage.googleapis.com/v1/projects/car--wash--project/services/firebasecrashlytics.googleapis.com x-goog-quota-user=projects/car--wash--project
[debug] [2025-08-15T15:10:47.848Z] >>> [apiv2][query] GET https://serviceusage.googleapis.com/v1/projects/car--wash--project/services/firebaseapphosting.googleapis.com [none]
[debug] [2025-08-15T15:10:47.848Z] >>> [apiv2][(partial)header] GET https://serviceusage.googleapis.com/v1/projects/car--wash--project/services/firebaseapphosting.googleapis.com x-goog-quota-user=projects/car--wash--project
[debug] [2025-08-15T15:10:47.851Z] >>> [apiv2][query] GET https://serviceusage.googleapis.com/v1/projects/car--wash--project/services/firebaseio.com [none]
[debug] [2025-08-15T15:10:47.851Z] >>> [apiv2][(partial)header] GET https://serviceusage.googleapis.com/v1/projects/car--wash--project/services/firebaseio.com x-goog-quota-user=projects/car--wash--project
[debug] [2025-08-15T15:10:47.911Z] Checked if tokens are valid: true, expires at: 1755273473153
[debug] [2025-08-15T15:10:47.911Z] Checked if tokens are valid: true, expires at: 1755273473153
[debug] [2025-08-15T15:10:47.911Z] Checked if tokens are valid: true, expires at: 1755273473153
[debug] [2025-08-15T15:10:47.911Z] Checked if tokens are valid: true, expires at: 1755273473153
[debug] [2025-08-15T15:10:47.912Z] Checked if tokens are valid: true, expires at: 1755273473153
[debug] [2025-08-15T15:10:47.912Z] Checked if tokens are valid: true, expires at: 1755273473153
[debug] [2025-08-15T15:10:47.913Z] Checked if tokens are valid: true, expires at: 1755273473153
[debug] [2025-08-15T15:10:47.913Z] Checked if tokens are valid: true, expires at: 1755273473153
[debug] [2025-08-15T15:10:47.913Z] Checked if tokens are valid: true, expires at: 1755273473153
[debug] [2025-08-15T15:10:47.913Z] Checked if tokens are valid: true, expires at: 1755273473153
[debug] [2025-08-15T15:10:47.914Z] Checked if tokens are valid: true, expires at: 1755273473153
[debug] [2025-08-15T15:10:47.914Z] Checked if tokens are valid: true, expires at: 1755273473153
[debug] [2025-08-15T15:10:47.914Z] Checked if tokens are valid: true, expires at: 1755273473153
[debug] [2025-08-15T15:10:47.914Z] Checked if tokens are valid: true, expires at: 1755273473153
[debug] [2025-08-15T15:10:47.914Z] Checked if tokens are valid: true, expires at: 1755273473153
[debug] [2025-08-15T15:10:47.915Z] Checked if tokens are valid: true, expires at: 1755273473153
[debug] [2025-08-15T15:10:47.915Z] Checked if tokens are valid: true, expires at: 1755273473153
[debug] [2025-08-15T15:10:47.915Z] Checked if tokens are valid: true, expires at: 1755273473153
[debug] [2025-08-15T15:10:47.915Z] Checked if tokens are valid: true, expires at: 1755273473153
[debug] [2025-08-15T15:10:47.916Z] Checked if tokens are valid: true, expires at: 1755273473153
[debug] [2025-08-15T15:10:47.916Z] >>> [apiv2][query] GET https://serviceusage.googleapis.com/v1/projects/car--wash--project/services/ [none]
[debug] [2025-08-15T15:10:47.916Z] >>> [apiv2][(partial)header] GET https://serviceusage.googleapis.com/v1/projects/car--wash--project/services/ x-goog-quota-user=projects/car--wash--project
[debug] [2025-08-15T15:10:47.917Z] >>> [apiv2][query] GET https://serviceusage.googleapis.com/v1/projects/car--wash--project/services/firestore.googleapis.com [none]
[debug] [2025-08-15T15:10:47.917Z] >>> [apiv2][(partial)header] GET https://serviceusage.googleapis.com/v1/projects/car--wash--project/services/firestore.googleapis.com x-goog-quota-user=projects/car--wash--project
[debug] [2025-08-15T15:10:47.919Z] >>> [apiv2][query] GET https://serviceusage.googleapis.com/v1/projects/car--wash--project/services/storage.googleapis.com [none]
[debug] [2025-08-15T15:10:47.919Z] >>> [apiv2][(partial)header] GET https://serviceusage.googleapis.com/v1/projects/car--wash--project/services/storage.googleapis.com x-goog-quota-user=projects/car--wash--project
[debug] [2025-08-15T15:10:47.921Z] >>> [apiv2][query] GET https://serviceusage.googleapis.com/v1/projects/car--wash--project/services/firebasedataconnect.googleapis.com [none]
[debug] [2025-08-15T15:10:47.921Z] >>> [apiv2][(partial)header] GET https://serviceusage.googleapis.com/v1/projects/car--wash--project/services/firebasedataconnect.googleapis.com x-goog-quota-user=projects/car--wash--project
[debug] [2025-08-15T15:10:47.923Z] >>> [apiv2][query] GET https://serviceusage.googleapis.com/v1/projects/car--wash--project/services/identitytoolkit.googleapis.com [none]
[debug] [2025-08-15T15:10:47.923Z] >>> [apiv2][(partial)header] GET https://serviceusage.googleapis.com/v1/projects/car--wash--project/services/identitytoolkit.googleapis.com x-goog-quota-user=projects/car--wash--project
[debug] [2025-08-15T15:10:47.925Z] >>> [apiv2][query] GET https://serviceusage.googleapis.com/v1/projects/car--wash--project/services/fcm.googleapis.com [none]
[debug] [2025-08-15T15:10:47.925Z] >>> [apiv2][(partial)header] GET https://serviceusage.googleapis.com/v1/projects/car--wash--project/services/fcm.googleapis.com x-goog-quota-user=projects/car--wash--project
[debug] [2025-08-15T15:10:47.927Z] >>> [apiv2][query] GET https://serviceusage.googleapis.com/v1/projects/car--wash--project/services/firebaseremoteconfig.googleapis.com [none]
[debug] [2025-08-15T15:10:47.927Z] >>> [apiv2][(partial)header] GET https://serviceusage.googleapis.com/v1/projects/car--wash--project/services/firebaseremoteconfig.googleapis.com x-goog-quota-user=projects/car--wash--project
[debug] [2025-08-15T15:10:47.929Z] >>> [apiv2][query] GET https://serviceusage.googleapis.com/v1/projects/car--wash--project/services/firebasecrashlytics.googleapis.com [none]
[debug] [2025-08-15T15:10:47.930Z] >>> [apiv2][(partial)header] GET https://serviceusage.googleapis.com/v1/projects/car--wash--project/services/firebasecrashlytics.googleapis.com x-goog-quota-user=projects/car--wash--project
[debug] [2025-08-15T15:10:47.931Z] >>> [apiv2][query] GET https://serviceusage.googleapis.com/v1/projects/car--wash--project/services/firebaseapphosting.googleapis.com [none]
[debug] [2025-08-15T15:10:47.931Z] >>> [apiv2][(partial)header] GET https://serviceusage.googleapis.com/v1/projects/car--wash--project/services/firebaseapphosting.googleapis.com x-goog-quota-user=projects/car--wash--project
[debug] [2025-08-15T15:10:47.933Z] >>> [apiv2][query] GET https://serviceusage.googleapis.com/v1/projects/car--wash--project/services/firebaseio.com [none]
[debug] [2025-08-15T15:10:47.933Z] >>> [apiv2][(partial)header] GET https://serviceusage.googleapis.com/v1/projects/car--wash--project/services/firebaseio.com x-goog-quota-user=projects/car--wash--project
[debug] [2025-08-15T15:10:47.944Z] Checked if tokens are valid: true, expires at: 1755273473153
[debug] [2025-08-15T15:10:47.944Z] Checked if tokens are valid: true, expires at: 1755273473153
[debug] [2025-08-15T15:10:47.945Z] Checked if tokens are valid: true, expires at: 1755273473153
[debug] [2025-08-15T15:10:47.945Z] Checked if tokens are valid: true, expires at: 1755273473153
[debug] [2025-08-15T15:10:47.945Z] Checked if tokens are valid: true, expires at: 1755273473153
[debug] [2025-08-15T15:10:47.945Z] Checked if tokens are valid: true, expires at: 1755273473153
[debug] [2025-08-15T15:10:47.946Z] Checked if tokens are valid: true, expires at: 1755273473153
[debug] [2025-08-15T15:10:47.946Z] Checked if tokens are valid: true, expires at: 1755273473153
[debug] [2025-08-15T15:10:47.946Z] Checked if tokens are valid: true, expires at: 1755273473153
[debug] [2025-08-15T15:10:47.946Z] Checked if tokens are valid: true, expires at: 1755273473153
[debug] [2025-08-15T15:10:47.947Z] Checked if tokens are valid: true, expires at: 1755273473153
[debug] [2025-08-15T15:10:47.947Z] Checked if tokens are valid: true, expires at: 1755273473153
[debug] [2025-08-15T15:10:47.947Z] Checked if tokens are valid: true, expires at: 1755273473153
[debug] [2025-08-15T15:10:47.947Z] Checked if tokens are valid: true, expires at: 1755273473153
[debug] [2025-08-15T15:10:47.948Z] Checked if tokens are valid: true, expires at: 1755273473153
[debug] [2025-08-15T15:10:47.948Z] Checked if tokens are valid: true, expires at: 1755273473153
[debug] [2025-08-15T15:10:47.948Z] Checked if tokens are valid: true, expires at: 1755273473153
[debug] [2025-08-15T15:10:47.948Z] Checked if tokens are valid: true, expires at: 1755273473153
[debug] [2025-08-15T15:10:47.949Z] Checked if tokens are valid: true, expires at: 1755273473153
[debug] [2025-08-15T15:10:47.949Z] Checked if tokens are valid: true, expires at: 1755273473153
[debug] [2025-08-15T15:10:47.949Z] >>> [apiv2][query] GET https://serviceusage.googleapis.com/v1/projects/car--wash--project/services/ [none]
[debug] [2025-08-15T15:10:47.949Z] >>> [apiv2][(partial)header] GET https://serviceusage.googleapis.com/v1/projects/car--wash--project/services/ x-goog-quota-user=projects/car--wash--project
[debug] [2025-08-15T15:10:47.950Z] >>> [apiv2][query] GET https://serviceusage.googleapis.com/v1/projects/car--wash--project/services/firestore.googleapis.com [none]
[debug] [2025-08-15T15:10:47.950Z] >>> [apiv2][(partial)header] GET https://serviceusage.googleapis.com/v1/projects/car--wash--project/services/firestore.googleapis.com x-goog-quota-user=projects/car--wash--project
[debug] [2025-08-15T15:10:47.951Z] >>> [apiv2][query] GET https://serviceusage.googleapis.com/v1/projects/car--wash--project/services/storage.googleapis.com [none]
[debug] [2025-08-15T15:10:47.951Z] >>> [apiv2][(partial)header] GET https://serviceusage.googleapis.com/v1/projects/car--wash--project/services/storage.googleapis.com x-goog-quota-user=projects/car--wash--project
[debug] [2025-08-15T15:10:47.952Z] >>> [apiv2][query] GET https://serviceusage.googleapis.com/v1/projects/car--wash--project/services/firebasedataconnect.googleapis.com [none]
[debug] [2025-08-15T15:10:47.952Z] >>> [apiv2][(partial)header] GET https://serviceusage.googleapis.com/v1/projects/car--wash--project/services/firebasedataconnect.googleapis.com x-goog-quota-user=projects/car--wash--project
[debug] [2025-08-15T15:10:47.954Z] >>> [apiv2][query] GET https://serviceusage.googleapis.com/v1/projects/car--wash--project/services/identitytoolkit.googleapis.com [none]
[debug] [2025-08-15T15:10:47.954Z] >>> [apiv2][(partial)header] GET https://serviceusage.googleapis.com/v1/projects/car--wash--project/services/identitytoolkit.googleapis.com x-goog-quota-user=projects/car--wash--project
[debug] [2025-08-15T15:10:47.955Z] >>> [apiv2][query] GET https://serviceusage.googleapis.com/v1/projects/car--wash--project/services/fcm.googleapis.com [none]
[debug] [2025-08-15T15:10:47.955Z] >>> [apiv2][(partial)header] GET https://serviceusage.googleapis.com/v1/projects/car--wash--project/services/fcm.googleapis.com x-goog-quota-user=projects/car--wash--project
[debug] [2025-08-15T15:10:47.956Z] >>> [apiv2][query] GET https://serviceusage.googleapis.com/v1/projects/car--wash--project/services/firebaseremoteconfig.googleapis.com [none]
[debug] [2025-08-15T15:10:47.956Z] >>> [apiv2][(partial)header] GET https://serviceusage.googleapis.com/v1/projects/car--wash--project/services/firebaseremoteconfig.googleapis.com x-goog-quota-user=projects/car--wash--project
[debug] [2025-08-15T15:10:47.957Z] >>> [apiv2][query] GET https://serviceusage.googleapis.com/v1/projects/car--wash--project/services/firebasecrashlytics.googleapis.com [none]
[debug] [2025-08-15T15:10:47.957Z] >>> [apiv2][(partial)header] GET https://serviceusage.googleapis.com/v1/projects/car--wash--project/services/firebasecrashlytics.googleapis.com x-goog-quota-user=projects/car--wash--project
[debug] [2025-08-15T15:10:47.958Z] >>> [apiv2][query] GET https://serviceusage.googleapis.com/v1/projects/car--wash--project/services/firebaseapphosting.googleapis.com [none]
[debug] [2025-08-15T15:10:47.958Z] >>> [apiv2][(partial)header] GET https://serviceusage.googleapis.com/v1/projects/car--wash--project/services/firebaseapphosting.googleapis.com x-goog-quota-user=projects/car--wash--project
[debug] [2025-08-15T15:10:47.959Z] >>> [apiv2][query] GET https://serviceusage.googleapis.com/v1/projects/car--wash--project/services/firebaseio.com [none]
[debug] [2025-08-15T15:10:47.959Z] >>> [apiv2][(partial)header] GET https://serviceusage.googleapis.com/v1/projects/car--wash--project/services/firebaseio.com x-goog-quota-user=projects/car--wash--project
[debug] [2025-08-15T15:10:49.256Z] <<< [apiv2][status] GET https://serviceusage.googleapis.com/v1/projects/car--wash--project/services/firebaseio.com 403
[debug] [2025-08-15T15:10:49.257Z] <<< [apiv2][body] GET https://serviceusage.googleapis.com/v1/projects/car--wash--project/services/firebaseio.com [omitted]
[debug] [2025-08-15T15:10:49.353Z] <<< [apiv2][status] GET https://serviceusage.googleapis.com/v1/projects/car--wash--project/services/firestore.googleapis.com 200
[debug] [2025-08-15T15:10:49.353Z] <<< [apiv2][body] GET https://serviceusage.googleapis.com/v1/projects/car--wash--project/services/firestore.googleapis.com [omitted]
[debug] [2025-08-15T15:10:49.356Z] <<< [apiv2][status] GET https://serviceusage.googleapis.com/v1/projects/car--wash--project/services/firebasecrashlytics.googleapis.com 200
[debug] [2025-08-15T15:10:49.356Z] <<< [apiv2][body] GET https://serviceusage.googleapis.com/v1/projects/car--wash--project/services/firebasecrashlytics.googleapis.com [omitted]
[debug] [2025-08-15T15:10:49.360Z] <<< [apiv2][status] GET https://serviceusage.googleapis.com/v1/projects/car--wash--project/services/firebaseremoteconfig.googleapis.com 200
[debug] [2025-08-15T15:10:49.361Z] <<< [apiv2][body] GET https://serviceusage.googleapis.com/v1/projects/car--wash--project/services/firebaseremoteconfig.googleapis.com [omitted]
[debug] [2025-08-15T15:10:49.371Z] <<< [apiv2][status] GET https://serviceusage.googleapis.com/v1/projects/car--wash--project/services/firebasedataconnect.googleapis.com 200
[debug] [2025-08-15T15:10:49.372Z] <<< [apiv2][body] GET https://serviceusage.googleapis.com/v1/projects/car--wash--project/services/firebasedataconnect.googleapis.com [omitted]
[debug] [2025-08-15T15:10:49.372Z] <<< [apiv2][status] GET https://serviceusage.googleapis.com/v1/projects/car--wash--project/services/identitytoolkit.googleapis.com 200
[debug] [2025-08-15T15:10:49.372Z] <<< [apiv2][body] GET https://serviceusage.googleapis.com/v1/projects/car--wash--project/services/identitytoolkit.googleapis.com [omitted]
[debug] [2025-08-15T15:10:49.380Z] <<< [apiv2][status] GET https://serviceusage.googleapis.com/v1/projects/car--wash--project/services/storage.googleapis.com 200
[debug] [2025-08-15T15:10:49.380Z] <<< [apiv2][body] GET https://serviceusage.googleapis.com/v1/projects/car--wash--project/services/storage.googleapis.com [omitted]
[debug] [2025-08-15T15:10:49.385Z] <<< [apiv2][status] GET https://serviceusage.googleapis.com/v1/projects/car--wash--project/services/fcm.googleapis.com 200
[debug] [2025-08-15T15:10:49.385Z] <<< [apiv2][body] GET https://serviceusage.googleapis.com/v1/projects/car--wash--project/services/fcm.googleapis.com [omitted]
[debug] [2025-08-15T15:10:49.398Z] <<< [apiv2][status] GET https://serviceusage.googleapis.com/v1/projects/car--wash--project/services/firebaseio.com 403
[debug] [2025-08-15T15:10:49.398Z] <<< [apiv2][body] GET https://serviceusage.googleapis.com/v1/projects/car--wash--project/services/firebaseio.com [omitted]
[debug] [2025-08-15T15:10:49.399Z] <<< [apiv2][status] GET https://serviceusage.googleapis.com/v1/projects/car--wash--project/services/firebaseapphosting.googleapis.com 200
[debug] [2025-08-15T15:10:49.399Z] <<< [apiv2][body] GET https://serviceusage.googleapis.com/v1/projects/car--wash--project/services/firebaseapphosting.googleapis.com [omitted]
[debug] [2025-08-15T15:10:49.680Z] <<< [apiv2][status] GET https://serviceusage.googleapis.com/v1/projects/car--wash--project/services/ 200
[debug] [2025-08-15T15:10:49.680Z] <<< [apiv2][body] GET https://serviceusage.googleapis.com/v1/projects/car--wash--project/services/ [omitted]
[debug] [2025-08-15T15:10:49.863Z] <<< [apiv2][status] GET https://serviceusage.googleapis.com/v1/projects/car--wash--project/services/firebaseio.com 403
[debug] [2025-08-15T15:10:49.863Z] <<< [apiv2][body] GET https://serviceusage.googleapis.com/v1/projects/car--wash--project/services/firebaseio.com [omitted]
[debug] [2025-08-15T15:10:50.040Z] <<< [apiv2][status] GET https://serviceusage.googleapis.com/v1/projects/car--wash--project/services/fcm.googleapis.com 200
[debug] [2025-08-15T15:10:50.040Z] <<< [apiv2][body] GET https://serviceusage.googleapis.com/v1/projects/car--wash--project/services/fcm.googleapis.com [omitted]
[debug] [2025-08-15T15:10:50.050Z] <<< [apiv2][status] GET https://serviceusage.googleapis.com/v1/projects/car--wash--project/services/identitytoolkit.googleapis.com 200
[debug] [2025-08-15T15:10:50.050Z] <<< [apiv2][body] GET https://serviceusage.googleapis.com/v1/projects/car--wash--project/services/identitytoolkit.googleapis.com [omitted]
[debug] [2025-08-15T15:10:50.057Z] <<< [apiv2][status] GET https://serviceusage.googleapis.com/v1/projects/car--wash--project/services/firebaseremoteconfig.googleapis.com 200
[debug] [2025-08-15T15:10:50.057Z] <<< [apiv2][body] GET https://serviceusage.googleapis.com/v1/projects/car--wash--project/services/firebaseremoteconfig.googleapis.com [omitted]
[debug] [2025-08-15T15:10:50.063Z] <<< [apiv2][status] GET https://serviceusage.googleapis.com/v1/projects/car--wash--project/services/fcm.googleapis.com 200
[debug] [2025-08-15T15:10:50.063Z] <<< [apiv2][body] GET https://serviceusage.googleapis.com/v1/projects/car--wash--project/services/fcm.googleapis.com [omitted]
[debug] [2025-08-15T15:10:50.070Z] <<< [apiv2][status] GET https://serviceusage.googleapis.com/v1/projects/car--wash--project/services/firebasedataconnect.googleapis.com 200
[debug] [2025-08-15T15:10:50.070Z] <<< [apiv2][body] GET https://serviceusage.googleapis.com/v1/projects/car--wash--project/services/firebasedataconnect.googleapis.com [omitted]
[debug] [2025-08-15T15:10:50.071Z] <<< [apiv2][status] GET https://serviceusage.googleapis.com/v1/projects/car--wash--project/services/firestore.googleapis.com 200
[debug] [2025-08-15T15:10:50.071Z] <<< [apiv2][body] GET https://serviceusage.googleapis.com/v1/projects/car--wash--project/services/firestore.googleapis.com [omitted]
[debug] [2025-08-15T15:10:50.071Z] <<< [apiv2][status] GET https://serviceusage.googleapis.com/v1/projects/car--wash--project/services/firebasecrashlytics.googleapis.com 200
[debug] [2025-08-15T15:10:50.071Z] <<< [apiv2][body] GET https://serviceusage.googleapis.com/v1/projects/car--wash--project/services/firebasecrashlytics.googleapis.com [omitted]
[debug] [2025-08-15T15:10:50.072Z] <<< [apiv2][status] GET https://serviceusage.googleapis.com/v1/projects/car--wash--project/services/firebasecrashlytics.googleapis.com 200
[debug] [2025-08-15T15:10:50.072Z] <<< [apiv2][body] GET https://serviceusage.googleapis.com/v1/projects/car--wash--project/services/firebasecrashlytics.googleapis.com [omitted]
[debug] [2025-08-15T15:10:50.082Z] <<< [apiv2][status] GET https://serviceusage.googleapis.com/v1/projects/car--wash--project/services/storage.googleapis.com 200
[debug] [2025-08-15T15:10:50.082Z] <<< [apiv2][body] GET https://serviceusage.googleapis.com/v1/projects/car--wash--project/services/storage.googleapis.com [omitted]
[debug] [2025-08-15T15:10:50.092Z] <<< [apiv2][status] GET https://serviceusage.googleapis.com/v1/projects/car--wash--project/services/identitytoolkit.googleapis.com 200
[debug] [2025-08-15T15:10:50.092Z] <<< [apiv2][body] GET https://serviceusage.googleapis.com/v1/projects/car--wash--project/services/identitytoolkit.googleapis.com [omitted]
[debug] [2025-08-15T15:10:50.100Z] <<< [apiv2][status] GET https://serviceusage.googleapis.com/v1/projects/car--wash--project/services/firebasedataconnect.googleapis.com 200
[debug] [2025-08-15T15:10:50.100Z] <<< [apiv2][body] GET https://serviceusage.googleapis.com/v1/projects/car--wash--project/services/firebasedataconnect.googleapis.com [omitted]
[debug] [2025-08-15T15:10:50.100Z] <<< [apiv2][status] GET https://serviceusage.googleapis.com/v1/projects/car--wash--project/services/firestore.googleapis.com 200
[debug] [2025-08-15T15:10:50.100Z] <<< [apiv2][body] GET https://serviceusage.googleapis.com/v1/projects/car--wash--project/services/firestore.googleapis.com [omitted]
[debug] [2025-08-15T15:10:50.101Z] <<< [apiv2][status] GET https://serviceusage.googleapis.com/v1/projects/car--wash--project/services/storage.googleapis.com 200
[debug] [2025-08-15T15:10:50.101Z] <<< [apiv2][body] GET https://serviceusage.googleapis.com/v1/projects/car--wash--project/services/storage.googleapis.com [omitted]
[debug] [2025-08-15T15:10:50.106Z] <<< [apiv2][status] GET https://serviceusage.googleapis.com/v1/projects/car--wash--project/services/firebaseapphosting.googleapis.com 200
[debug] [2025-08-15T15:10:50.106Z] <<< [apiv2][body] GET https://serviceusage.googleapis.com/v1/projects/car--wash--project/services/firebaseapphosting.googleapis.com [omitted]
[debug] [2025-08-15T15:10:50.108Z] <<< [apiv2][status] GET https://serviceusage.googleapis.com/v1/projects/car--wash--project/services/firebaseapphosting.googleapis.com 200
[debug] [2025-08-15T15:10:50.108Z] <<< [apiv2][body] GET https://serviceusage.googleapis.com/v1/projects/car--wash--project/services/firebaseapphosting.googleapis.com [omitted]
[debug] [2025-08-15T15:10:50.445Z] <<< [apiv2][status] GET https://serviceusage.googleapis.com/v1/projects/car--wash--project/services/firebaseremoteconfig.googleapis.com 200
[debug] [2025-08-15T15:10:50.445Z] <<< [apiv2][body] GET https://serviceusage.googleapis.com/v1/projects/car--wash--project/services/firebaseremoteconfig.googleapis.com [omitted]
[debug] [2025-08-15T15:10:50.653Z] <<< [apiv2][status] GET https://serviceusage.googleapis.com/v1/projects/car--wash--project/services/ 200
[debug] [2025-08-15T15:10:50.653Z] <<< [apiv2][body] GET https://serviceusage.googleapis.com/v1/projects/car--wash--project/services/ [omitted]
[debug] [2025-08-15T15:10:50.663Z] > command requires scopes: ["email","openid","https://www.googleapis.com/auth/cloudplatformprojects.readonly","https://www.googleapis.com/auth/firebase","https://www.googleapis.com/auth/cloud-platform"]
[debug] [2025-08-15T15:10:50.664Z] > authorizing via signed-in user (jeffotieno65@gmail.com)
[debug] [2025-08-15T15:10:50.666Z] <<< [apiv2][status] GET https://serviceusage.googleapis.com/v1/projects/car--wash--project/services/ 200
[debug] [2025-08-15T15:10:50.666Z] <<< [apiv2][body] GET https://serviceusage.googleapis.com/v1/projects/car--wash--project/services/ [omitted]
[debug] [2025-08-15T15:10:50.673Z] > command requires scopes: ["email","openid","https://www.googleapis.com/auth/cloudplatformprojects.readonly","https://www.googleapis.com/auth/firebase","https://www.googleapis.com/auth/cloud-platform"]
[debug] [2025-08-15T15:10:50.673Z] > authorizing via signed-in user (jeffotieno65@gmail.com)
[debug] [2025-08-15T15:10:50.681Z] > command requires scopes: ["email","openid","https://www.googleapis.com/auth/cloudplatformprojects.readonly","https://www.googleapis.com/auth/firebase","https://www.googleapis.com/auth/cloud-platform"]
[debug] [2025-08-15T15:10:50.681Z] > authorizing via signed-in user (jeffotieno65@gmail.com)
[debug] [2025-08-15T15:10:50.689Z] > command requires scopes: ["email","openid","https://www.googleapis.com/auth/cloudplatformprojects.readonly","https://www.googleapis.com/auth/firebase","https://www.googleapis.com/auth/cloud-platform"]
[debug] [2025-08-15T15:10:50.689Z] > authorizing via signed-in user (jeffotieno65@gmail.com)
[debug] [2025-08-15T16:15:19.174Z] > command requires scopes: ["email","openid","https://www.googleapis.com/auth/cloudplatformprojects.readonly","https://www.googleapis.com/auth/firebase","https://www.googleapis.com/auth/cloud-platform"]
[debug] [2025-08-15T16:15:19.199Z] > authorizing via signed-in user (jeffotieno65@gmail.com)
[debug] [2025-08-15T16:15:19.214Z] > command requires scopes: ["email","openid","https://www.googleapis.com/auth/cloudplatformprojects.readonly","https://www.googleapis.com/auth/firebase","https://www.googleapis.com/auth/cloud-platform"]
[debug] [2025-08-15T16:15:19.215Z] > authorizing via signed-in user (jeffotieno65@gmail.com)
[debug] [2025-08-15T16:15:19.215Z] > command requires scopes: ["email","openid","https://www.googleapis.com/auth/cloudplatformprojects.readonly","https://www.googleapis.com/auth/firebase","https://www.googleapis.com/auth/cloud-platform"]
[debug] [2025-08-15T16:15:19.215Z] > authorizing via signed-in user (jeffotieno65@gmail.com)
[debug] [2025-08-15T16:15:19.663Z] > command requires scopes: ["email","openid","https://www.googleapis.com/auth/cloudplatformprojects.readonly","https://www.googleapis.com/auth/firebase","https://www.googleapis.com/auth/cloud-platform"]
[debug] [2025-08-15T16:15:19.665Z] > authorizing via signed-in user (jeffotieno65@gmail.com)
[debug] [2025-08-15T16:15:19.864Z] > command requires scopes: ["email","openid","https://www.googleapis.com/auth/cloudplatformprojects.readonly","https://www.googleapis.com/auth/firebase","https://www.googleapis.com/auth/cloud-platform"]
[debug] [2025-08-15T16:15:19.866Z] > authorizing via signed-in user (jeffotieno65@gmail.com)
[debug] [2025-08-15T16:15:19.867Z] > command requires scopes: ["email","openid","https://www.googleapis.com/auth/cloudplatformprojects.readonly","https://www.googleapis.com/auth/firebase","https://www.googleapis.com/auth/cloud-platform"]
[debug] [2025-08-15T16:15:19.868Z] > authorizing via signed-in user (jeffotieno65@gmail.com)
[debug] [2025-08-15T16:31:45.461Z] > command requires scopes: ["email","openid","https://www.googleapis.com/auth/cloudplatformprojects.readonly","https://www.googleapis.com/auth/firebase","https://www.googleapis.com/auth/cloud-platform"]
[debug] [2025-08-15T16:31:45.483Z] > authorizing via signed-in user (jeffotieno65@gmail.com)
[debug] [2025-08-15T16:31:45.485Z] > command requires scopes: ["email","openid","https://www.googleapis.com/auth/cloudplatformprojects.readonly","https://www.googleapis.com/auth/firebase","https://www.googleapis.com/auth/cloud-platform"]
[debug] [2025-08-15T16:31:45.486Z] > authorizing via signed-in user (jeffotieno65@gmail.com)
[debug] [2025-08-15T16:31:45.548Z] > command requires scopes: ["email","openid","https://www.googleapis.com/auth/cloudplatformprojects.readonly","https://www.googleapis.com/auth/firebase","https://www.googleapis.com/auth/cloud-platform"]
[debug] [2025-08-15T16:31:45.551Z] > authorizing via signed-in user (jeffotieno65@gmail.com)
[debug] [2025-08-15T16:31:45.622Z] > command requires scopes: ["email","openid","https://www.googleapis.com/auth/cloudplatformprojects.readonly","https://www.googleapis.com/auth/firebase","https://www.googleapis.com/auth/cloud-platform"]
[debug] [2025-08-15T16:31:45.622Z] > authorizing via signed-in user (jeffotieno65@gmail.com)
[debug] [2025-08-15T16:31:45.622Z] > command requires scopes: ["email","openid","https://www.googleapis.com/auth/cloudplatformprojects.readonly","https://www.googleapis.com/auth/firebase","https://www.googleapis.com/auth/cloud-platform"]
[debug] [2025-08-15T16:31:45.622Z] > authorizing via signed-in user (jeffotieno65@gmail.com)
[debug] [2025-08-15T16:31:45.622Z] > command requires scopes: ["email","openid","https://www.googleapis.com/auth/cloudplatformprojects.readonly","https://www.googleapis.com/auth/firebase","https://www.googleapis.com/auth/cloud-platform"]
[debug] [2025-08-15T16:31:45.623Z] > authorizing via signed-in user (jeffotieno65@gmail.com)
